[2017-08-17 14:08:37,801: INFO/MainProcess] Received task: migration_scheduling.tasks.execute_migration[bc235467-2db1-4fa1-aac6-63b2c917fc0e]  
[2017-08-17 14:08:38,816: INFO/PoolWorker-4] 
+------------- [2017-08-17 14:08:38] <10.66.25.140> -------------
| start executing <class 'migration_commander.cloud_commanding.CreateTargetCommand'> on confluence0426.saas.haj1.smhss.de
+----------------------------------------------------------------

[2017-08-17 14:16:49,209: INFO/PoolWorker-4] 
+------------- [2017-08-17 14:16:49] <10.66.25.140> -------------
| finished executing <class 'migration_commander.cloud_commanding.CreateTargetCommand'> on confluence0426.saas.haj1.smhss.de
+----------------------------------------------------------------

[2017-08-17 14:16:49,211: INFO/PoolWorker-4] 
+------------- [2017-08-17 14:16:49] <10.66.25.140> -------------
| start executing <class 'migration_commander.target_system_info_inspection.GetTargetSystemInfoCommand'> on confluence0426.saas.haj1.smhss.de
+----------------------------------------------------------------

[2017-08-17 14:17:40,402: INFO/PoolWorker-4] Connected (version 2.0, client OpenSSH_7.2p2)
[2017-08-17 14:17:40,764: INFO/PoolWorker-4] Auth banner: b'\n***************************************************************************\n _______  _______  _______  ______   _______  _______\n(  ____ )(  ____ \\(  ___  )(  __  \\ (       )(  ____ \\\n| (    )|| (    \\/| (   ) || (  \\  )| () () || (    \\/\n| (____)|| (__    | (___) || |   ) || || || || (__\n|     __)|  __)   |  ___  || |   | || |(_)| ||  __)\n| (\\ (   | (      | (   ) || |   ) || |   | || (\n| ) \\ \\__| (____/\\| )   ( || (__/  )| )   ( || (____/\\\n|/   \\__/(_______/|/     \\|(______/ |/     \\|(_______/\n                            *NOTICE TO USERS*\n\nBefore creating a snapshot from this template, make sure that you run\nthe following script:\n\n\t/root/prepare_for_snapshot.sh\n\nOtherwise routing will not work for new VMs!\n\n***************************************************************************\n\n'
[2017-08-17 14:17:40,765: INFO/PoolWorker-4] Authentication (publickey) successful!
[2017-08-17 14:17:42,501: INFO/PoolWorker-4] 
+------------- [2017-08-17 14:17:42] <10.66.25.140> -------------
| finished executing <class 'migration_commander.target_system_info_inspection.GetTargetSystemInfoCommand'> on confluence0426.saas.haj1.smhss.de
+----------------------------------------------------------------

[2017-08-17 14:17:42,506: INFO/PoolWorker-4] 
+------------- [2017-08-17 14:17:42] <10.66.25.140> -------------
| start executing <class 'migration_commander.device_identification.DeviceIdentificationCommand'> on confluence0426.saas.haj1.smhss.de
+----------------------------------------------------------------

[2017-08-17 14:17:42,521: INFO/PoolWorker-4] 
+------------- [2017-08-17 14:17:42] <10.66.25.140> -------------
| finished executing <class 'migration_commander.device_identification.DeviceIdentificationCommand'> on confluence0426.saas.haj1.smhss.de
+----------------------------------------------------------------

[2017-08-17 14:17:42,525: INFO/PoolWorker-4] 
+------------- [2017-08-17 14:17:42] <10.66.25.140> -------------
| start executing <class 'migration_commander.partition_creation.CreatePartitionsCommand'> on confluence0426.saas.haj1.smhss.de
+----------------------------------------------------------------

[2017-08-17 14:17:42,736: INFO/PoolWorker-4] Connected (version 2.0, client OpenSSH_5.9p1)
[2017-08-17 14:17:43,216: INFO/PoolWorker-4] Authentication (publickey) successful!
[2017-08-17 14:17:44,062: INFO/PoolWorker-4] Connected (version 2.0, client OpenSSH_7.2p2)
[2017-08-17 14:17:44,369: INFO/PoolWorker-4] Auth banner: b'\n***************************************************************************\n _______  _______  _______  ______   _______  _______\n(  ____ )(  ____ \\(  ___  )(  __  \\ (       )(  ____ \\\n| (    )|| (    \\/| (   ) || (  \\  )| () () || (    \\/\n| (____)|| (__    | (___) || |   ) || || || || (__\n|     __)|  __)   |  ___  || |   | || |(_)| ||  __)\n| (\\ (   | (      | (   ) || |   ) || |   | || (\n| ) \\ \\__| (____/\\| )   ( || (__/  )| )   ( || (____/\\\n|/   \\__/(_______/|/     \\|(______/ |/     \\|(_______/\n                            *NOTICE TO USERS*\n\nBefore creating a snapshot from this template, make sure that you run\nthe following script:\n\n\t/root/prepare_for_snapshot.sh\n\nOtherwise routing will not work for new VMs!\n\n***************************************************************************\n\n'
[2017-08-17 14:17:44,370: INFO/PoolWorker-4] Authentication (publickey) successful!
[2017-08-17 14:17:45,420: INFO/PoolWorker-4] 
+------------- [2017-08-17 14:17:45] <10.66.25.140> -------------
| finished executing <class 'migration_commander.partition_creation.CreatePartitionsCommand'> on confluence0426.saas.haj1.smhss.de
+----------------------------------------------------------------

[2017-08-17 14:17:45,424: INFO/PoolWorker-4] 
+------------- [2017-08-17 14:17:45] <10.66.25.140> -------------
| start executing <class 'migration_commander.filesystem_creation.CreateFilesystemsCommand'> on confluence0426.saas.haj1.smhss.de
+----------------------------------------------------------------

[2017-08-17 14:17:45,506: INFO/PoolWorker-4] Connected (version 2.0, client OpenSSH_7.2p2)
[2017-08-17 14:17:45,853: INFO/PoolWorker-4] Auth banner: b'\n***************************************************************************\n _______  _______  _______  ______   _______  _______\n(  ____ )(  ____ \\(  ___  )(  __  \\ (       )(  ____ \\\n| (    )|| (    \\/| (   ) || (  \\  )| () () || (    \\/\n| (____)|| (__    | (___) || |   ) || || || || (__\n|     __)|  __)   |  ___  || |   | || |(_)| ||  __)\n| (\\ (   | (      | (   ) || |   ) || |   | || (\n| ) \\ \\__| (____/\\| )   ( || (__/  )| )   ( || (____/\\\n|/   \\__/(_______/|/     \\|(______/ |/     \\|(_______/\n                            *NOTICE TO USERS*\n\nBefore creating a snapshot from this template, make sure that you run\nthe following script:\n\n\t/root/prepare_for_snapshot.sh\n\nOtherwise routing will not work for new VMs!\n\n***************************************************************************\n\n'
[2017-08-17 14:17:45,854: INFO/PoolWorker-4] Authentication (publickey) successful!
[2017-08-17 14:17:52,720: INFO/PoolWorker-4] 
+------------- [2017-08-17 14:17:52] <10.66.25.140> -------------
| finished executing <class 'migration_commander.filesystem_creation.CreateFilesystemsCommand'> on confluence0426.saas.haj1.smhss.de
+----------------------------------------------------------------

[2017-08-17 14:17:52,732: INFO/PoolWorker-4] 
+------------- [2017-08-17 14:17:52] <10.66.25.140> -------------
| start executing <class 'migration_commander.filesystem_mounting.FilesystemMountCommand'> on confluence0426.saas.haj1.smhss.de
+----------------------------------------------------------------

[2017-08-17 14:17:52,831: INFO/PoolWorker-4] Connected (version 2.0, client OpenSSH_7.2p2)
[2017-08-17 14:17:53,136: INFO/PoolWorker-4] Auth banner: b'\n***************************************************************************\n _______  _______  _______  ______   _______  _______\n(  ____ )(  ____ \\(  ___  )(  __  \\ (       )(  ____ \\\n| (    )|| (    \\/| (   ) || (  \\  )| () () || (    \\/\n| (____)|| (__    | (___) || |   ) || || || || (__\n|     __)|  __)   |  ___  || |   | || |(_)| ||  __)\n| (\\ (   | (      | (   ) || |   ) || |   | || (\n| ) \\ \\__| (____/\\| )   ( || (__/  )| )   ( || (____/\\\n|/   \\__/(_______/|/     \\|(______/ |/     \\|(_______/\n                            *NOTICE TO USERS*\n\nBefore creating a snapshot from this template, make sure that you run\nthe following script:\n\n\t/root/prepare_for_snapshot.sh\n\nOtherwise routing will not work for new VMs!\n\n***************************************************************************\n\n'
[2017-08-17 14:17:53,136: INFO/PoolWorker-4] Authentication (publickey) successful!
[2017-08-17 14:17:54,813: INFO/PoolWorker-4] 
+------------- [2017-08-17 14:17:54] <10.66.25.140> -------------
| finished executing <class 'migration_commander.filesystem_mounting.FilesystemMountCommand'> on confluence0426.saas.haj1.smhss.de
+----------------------------------------------------------------

[2017-08-17 14:17:54,821: INFO/PoolWorker-4] 
+------------- [2017-08-17 14:17:54] <10.66.25.140> -------------
| start executing <class 'migration_commander.syncing.SyncCommand'> on confluence0426.saas.haj1.smhss.de
+----------------------------------------------------------------

[2017-08-17 14:17:54,994: INFO/PoolWorker-4] Connected (version 2.0, client OpenSSH_5.9p1)
[2017-08-17 14:17:55,415: INFO/PoolWorker-4] Authentication (publickey) successful!
[2017-08-17 14:17:55,996: CRITICAL/PoolWorker-4] 
+------------- [2017-08-17 14:17:55] <10.66.25.140> -------------
| While executing:
| sudo mountpoint /tmp/14724739629416402827
| 
| The following Error occurred:
| logname: no login name
+----------------------------------------------------------------

[2017-08-17 14:18:01,439: CRITICAL/PoolWorker-4] 
+------------- [2017-08-17 14:18:01] <10.66.25.140> -------------
| While executing:
| sudo mountpoint /tmp/4969751659901063316
| 
| The following Error occurred:
| logname: no login name
+----------------------------------------------------------------

[2017-08-17 14:29:41,881: CRITICAL/PoolWorker-4] 
+------------- [2017-08-17 14:29:41] <10.66.25.140> -------------
| While executing:
| sudo mountpoint /tmp/1843158159803093878
| 
| The following Error occurred:
| logname: no login name
+----------------------------------------------------------------

[2017-08-17 14:31:26,545: CRITICAL/PoolWorker-4] 
+------------- [2017-08-17 14:31:26] <10.66.25.140> -------------
| While executing:
| sudo mountpoint /tmp/17451172663507808545
| 
| The following Error occurred:
| logname: no login name
+----------------------------------------------------------------

[2017-08-17 14:55:37,980: WARNING/MainProcess] Error in atexit._run_exitfuncs:
[2017-08-17 14:55:37,982: WARNING/MainProcess] Traceback (most recent call last):
[2017-08-17 14:55:37,982: WARNING/MainProcess] File "/usr/local/Cellar/python3/3.6.1/Frameworks/Python.framework/Versions/3.6/lib/python3.6/multiprocessing/util.py", line 254, in _run_finalizers
[2017-08-17 14:55:37,984: WARNING/MainProcess] finalizer()
[2017-08-17 14:55:37,984: WARNING/MainProcess] File "/usr/local/Cellar/python3/3.6.1/Frameworks/Python.framework/Versions/3.6/lib/python3.6/multiprocessing/util.py", line 186, in __call__
[2017-08-17 14:55:37,984: WARNING/MainProcess] res = self._callback(*self._args, **self._kwargs)
[2017-08-17 14:55:37,984: WARNING/MainProcess] File "/Users/jdepoix/LocalWorkspaces/pySpace/goto_cloud/virtualenv/lib/python3.6/site-packages/billiard/pool.py", line 1651, in _terminate_pool
[2017-08-17 14:55:37,986: WARNING/MainProcess] p.join()
[2017-08-17 14:55:37,986: WARNING/MainProcess] File "/Users/jdepoix/LocalWorkspaces/pySpace/goto_cloud/virtualenv/lib/python3.6/site-packages/billiard/process.py", line 142, in join
[2017-08-17 14:55:37,987: WARNING/MainProcess] res = self._popen.wait(timeout)
[2017-08-17 14:55:37,987: WARNING/MainProcess] File "/Users/jdepoix/LocalWorkspaces/pySpace/goto_cloud/virtualenv/lib/python3.6/site-packages/billiard/popen_fork.py", line 57, in wait
[2017-08-17 14:55:37,987: WARNING/MainProcess] return self.poll(os.WNOHANG if timeout == 0.0 else 0)
[2017-08-17 14:55:37,987: WARNING/MainProcess] File "/Users/jdepoix/LocalWorkspaces/pySpace/goto_cloud/virtualenv/lib/python3.6/site-packages/billiard/popen_fork.py", line 33, in poll
[2017-08-17 14:55:37,988: WARNING/MainProcess] pid, sts = os.waitpid(self.pid, flag)
[2017-08-17 14:55:37,988: WARNING/MainProcess] File "/Users/jdepoix/LocalWorkspaces/pySpace/goto_cloud/virtualenv/lib/python3.6/site-packages/celery/apps/worker.py", line 284, in _handle_request
[2017-08-17 14:55:37,988: WARNING/MainProcess] raise exc(exitcode)
[2017-08-17 14:55:37,989: WARNING/MainProcess] celery.exceptions
[2017-08-17 14:55:37,989: WARNING/MainProcess] .
[2017-08-17 14:55:37,989: WARNING/MainProcess] WorkerTerminate
[2017-08-17 14:55:37,989: WARNING/MainProcess] :
[2017-08-17 14:55:37,989: WARNING/MainProcess] 1
